2021-11-07 16:46:38.953  INFO 2004 --- [main] SpringBootCoreDataJpaMvcRest1Application : Starting TimesheetSpringBootCoreDataJpaMvcRest1Application on DESKTOP-V96FDLG with PID 2004 (C:\Users\DELL\Desktop\TimesheetProject\target\classes started by DELL in C:\Users\DELL\Desktop\TimesheetProject)
2021-11-07 16:46:38.968  INFO 2004 --- [main] SpringBootCoreDataJpaMvcRest1Application : No active profile set, falling back to default profiles: default
2021-11-07 16:46:39.952  INFO 2004 --- [main] .s.d.r.c.RepositoryConfigurationDelegate : Bootstrapping Spring Data repositories in DEFAULT mode.
2021-11-07 16:46:40.097  INFO 2004 --- [main] .s.d.r.c.RepositoryConfigurationDelegate : Finished Spring Data repository scanning in 141ms. Found 6 repository interfaces.
2021-11-07 16:46:40.956  INFO 2004 --- [main] trationDelegate$BeanPostProcessorChecker : Bean 'org.springframework.transaction.annotation.ProxyTransactionManagementConfiguration' of type [org.springframework.transaction.annotation.ProxyTransactionManagementConfiguration$$EnhancerBySpringCGLIB$$8d52652d] is not eligible for getting processed by all BeanPostProcessors (for example: not eligible for auto-proxying)
2021-11-07 16:46:41.430  INFO 2004 --- [main] o.s.b.w.embedded.tomcat.TomcatWebServer  : Tomcat initialized with port(s): 8081 (http)
2021-11-07 16:46:41.461  INFO 2004 --- [main] o.apache.catalina.core.StandardService   : Starting service [Tomcat]
2021-11-07 16:46:41.461  INFO 2004 --- [main] org.apache.catalina.core.StandardEngine  : Starting Servlet engine: [Apache Tomcat/9.0.17]
2021-11-07 16:46:41.711  INFO 2004 --- [main] o.a.c.c.C.[.[localhost].[/SpringMVC]     : Initializing Spring embedded WebApplicationContext
2021-11-07 16:46:41.711  INFO 2004 --- [main] o.s.web.context.ContextLoader            : Root WebApplicationContext: initialization completed in 2649 ms
2021-11-07 16:46:41.945  INFO 2004 --- [main] com.zaxxer.hikari.HikariDataSource       : HikariPool-1 - Starting...
2021-11-07 16:46:42.101  INFO 2004 --- [main] com.zaxxer.hikari.HikariDataSource       : HikariPool-1 - Start completed.
2021-11-07 16:46:42.164  INFO 2004 --- [main] o.hibernate.jpa.internal.util.LogHelper  : HHH000204: Processing PersistenceUnitInfo [
	name: default
	...]
2021-11-07 16:46:42.258  INFO 2004 --- [main] org.hibernate.Version                    : HHH000412: Hibernate Core {5.3.9.Final}
2021-11-07 16:46:42.258  INFO 2004 --- [main] org.hibernate.cfg.Environment            : HHH000206: hibernate.properties not found
2021-11-07 16:46:42.445  INFO 2004 --- [main] o.hibernate.annotations.common.Version   : HCANN000001: Hibernate Commons Annotations {5.0.4.Final}
2021-11-07 16:46:42.601  INFO 2004 --- [main] org.hibernate.dialect.Dialect            : HHH000400: Using dialect: org.hibernate.dialect.MySQL5Dialect
2021-11-07 16:46:43.562  INFO 2004 --- [main] j.LocalContainerEntityManagerFactoryBean : Initialized JPA EntityManagerFactory for persistence unit 'default'
2021-11-07 16:46:44.015  INFO 2004 --- [main] o.h.h.i.QueryTranslatorFactoryInitiator  : HHH000397: Using ASTQueryTranslatorFactory
2021-11-07 16:46:44.718  INFO 2004 --- [main] o.s.s.concurrent.ThreadPoolTaskExecutor  : Initializing ExecutorService 'applicationTaskExecutor'
2021-11-07 16:46:44.766  WARN 2004 --- [main] aWebConfiguration$JpaWebMvcConfiguration : spring.jpa.open-in-view is enabled by default. Therefore, database queries may be performed during view rendering. Explicitly configure spring.jpa.open-in-view to disable this warning
2021-11-07 16:46:45.062  INFO 2004 --- [main] o.s.b.w.embedded.tomcat.TomcatWebServer  : Tomcat started on port(s): 8081 (http) with context path '/SpringMVC'
2021-11-07 16:46:45.062  INFO 2004 --- [main] SpringBootCoreDataJpaMvcRest1Application : Started TimesheetSpringBootCoreDataJpaMvcRest1Application in 6.611 seconds (JVM running for 7.338)
2021-11-07 16:47:25.600  INFO 9764 --- [main] t.e.spring.EntrepriseServiceImplTest     : Starting EntrepriseServiceImplTest on DESKTOP-V96FDLG with PID 9764 (started by DELL in C:\Users\DELL\Desktop\TimesheetProject)
2021-11-07 16:47:25.600  INFO 9764 --- [main] t.e.spring.EntrepriseServiceImplTest     : No active profile set, falling back to default profiles: default
2021-11-07 16:47:26.944  INFO 9764 --- [main] .s.d.r.c.RepositoryConfigurationDelegate : Bootstrapping Spring Data repositories in DEFAULT mode.
2021-11-07 16:47:27.050  INFO 9764 --- [main] .s.d.r.c.RepositoryConfigurationDelegate : Finished Spring Data repository scanning in 94ms. Found 6 repository interfaces.
2021-11-07 16:47:27.518  INFO 9764 --- [main] trationDelegate$BeanPostProcessorChecker : Bean 'org.springframework.transaction.annotation.ProxyTransactionManagementConfiguration' of type [org.springframework.transaction.annotation.ProxyTransactionManagementConfiguration$$EnhancerBySpringCGLIB$$52eda8e7] is not eligible for getting processed by all BeanPostProcessors (for example: not eligible for auto-proxying)
2021-11-07 16:47:27.815  INFO 9764 --- [main] com.zaxxer.hikari.HikariDataSource       : HikariPool-1 - Starting...
2021-11-07 16:47:28.065  INFO 9764 --- [main] com.zaxxer.hikari.HikariDataSource       : HikariPool-1 - Start completed.
2021-11-07 16:47:28.131  INFO 9764 --- [main] o.hibernate.jpa.internal.util.LogHelper  : HHH000204: Processing PersistenceUnitInfo [
	name: default
	...]
2021-11-07 16:47:28.303  INFO 9764 --- [main] org.hibernate.Version                    : HHH000412: Hibernate Core {5.3.9.Final}
2021-11-07 16:47:28.303  INFO 9764 --- [main] org.hibernate.cfg.Environment            : HHH000206: hibernate.properties not found
2021-11-07 16:47:28.506  INFO 9764 --- [main] o.hibernate.annotations.common.Version   : HCANN000001: Hibernate Commons Annotations {5.0.4.Final}
2021-11-07 16:47:28.959  INFO 9764 --- [main] org.hibernate.dialect.Dialect            : HHH000400: Using dialect: org.hibernate.dialect.MySQL5Dialect
2021-11-07 16:47:30.228  INFO 9764 --- [main] j.LocalContainerEntityManagerFactoryBean : Initialized JPA EntityManagerFactory for persistence unit 'default'
2021-11-07 16:47:30.634  INFO 9764 --- [main] o.h.h.i.QueryTranslatorFactoryInitiator  : HHH000397: Using ASTQueryTranslatorFactory
2021-11-07 16:47:31.821  INFO 9764 --- [main] o.s.s.concurrent.ThreadPoolTaskExecutor  : Initializing ExecutorService 'applicationTaskExecutor'
2021-11-07 16:47:31.896  WARN 9764 --- [main] aWebConfiguration$JpaWebMvcConfiguration : spring.jpa.open-in-view is enabled by default. Therefore, database queries may be performed during view rendering. Explicitly configure spring.jpa.open-in-view to disable this warning
2021-11-07 16:47:32.583  INFO 9764 --- [main] t.e.spring.EntrepriseServiceImplTest     : Started EntrepriseServiceImplTest in 7.483 seconds (JVM running for 8.972)
2021-11-07 16:47:32.771  INFO 9764 --- [main] t.e.s.services.EntrepriseServiceImpl     : ajouter entreprise
2021-11-07 16:47:32.903  INFO 9764 --- [main] t.e.s.services.EntrepriseServiceImpl     : out of ajout 
2021-11-07 16:47:32.950  INFO 9764 --- [Thread-2] o.s.s.concurrent.ThreadPoolTaskExecutor  : Shutting down ExecutorService 'applicationTaskExecutor'
2021-11-07 16:47:32.950  INFO 9764 --- [Thread-2] j.LocalContainerEntityManagerFactoryBean : Closing JPA EntityManagerFactory for persistence unit 'default'
2021-11-07 16:47:32.965  INFO 9764 --- [Thread-2] com.zaxxer.hikari.HikariDataSource       : HikariPool-1 - Shutdown initiated...
2021-11-07 16:47:32.981  INFO 9764 --- [Thread-2] com.zaxxer.hikari.HikariDataSource       : HikariPool-1 - Shutdown completed.
2021-11-07 16:57:42.616  INFO 6012 --- [main] t.e.spring.EntrepriseServiceImplTest     : Starting EntrepriseServiceImplTest on DESKTOP-V96FDLG with PID 6012 (started by DELL in C:\Users\DELL\Desktop\TimesheetProject)
2021-11-07 16:57:42.616  INFO 6012 --- [main] t.e.spring.EntrepriseServiceImplTest     : No active profile set, falling back to default profiles: default
2021-11-07 16:57:43.585  INFO 6012 --- [main] .s.d.r.c.RepositoryConfigurationDelegate : Bootstrapping Spring Data repositories in DEFAULT mode.
2021-11-07 16:57:43.726  INFO 6012 --- [main] .s.d.r.c.RepositoryConfigurationDelegate : Finished Spring Data repository scanning in 125ms. Found 6 repository interfaces.
2021-11-07 16:57:44.242  INFO 6012 --- [main] trationDelegate$BeanPostProcessorChecker : Bean 'org.springframework.transaction.annotation.ProxyTransactionManagementConfiguration' of type [org.springframework.transaction.annotation.ProxyTransactionManagementConfiguration$$EnhancerBySpringCGLIB$$d79f1f33] is not eligible for getting processed by all BeanPostProcessors (for example: not eligible for auto-proxying)
2021-11-07 16:57:44.538  INFO 6012 --- [main] com.zaxxer.hikari.HikariDataSource       : HikariPool-1 - Starting...
2021-11-07 16:57:44.695  INFO 6012 --- [main] com.zaxxer.hikari.HikariDataSource       : HikariPool-1 - Start completed.
2021-11-07 16:57:44.826  INFO 6012 --- [main] o.hibernate.jpa.internal.util.LogHelper  : HHH000204: Processing PersistenceUnitInfo [
	name: default
	...]
2021-11-07 16:57:44.904  INFO 6012 --- [main] org.hibernate.Version                    : HHH000412: Hibernate Core {5.3.9.Final}
2021-11-07 16:57:44.904  INFO 6012 --- [main] org.hibernate.cfg.Environment            : HHH000206: hibernate.properties not found
2021-11-07 16:57:45.076  INFO 6012 --- [main] o.hibernate.annotations.common.Version   : HCANN000001: Hibernate Commons Annotations {5.0.4.Final}
2021-11-07 16:57:45.435  INFO 6012 --- [main] org.hibernate.dialect.Dialect            : HHH000400: Using dialect: org.hibernate.dialect.MySQL5Dialect
2021-11-07 16:57:46.399  INFO 6012 --- [main] j.LocalContainerEntityManagerFactoryBean : Initialized JPA EntityManagerFactory for persistence unit 'default'
2021-11-07 16:57:46.789  INFO 6012 --- [main] o.h.h.i.QueryTranslatorFactoryInitiator  : HHH000397: Using ASTQueryTranslatorFactory
2021-11-07 16:57:47.976  INFO 6012 --- [main] o.s.s.concurrent.ThreadPoolTaskExecutor  : Initializing ExecutorService 'applicationTaskExecutor'
2021-11-07 16:57:48.047  WARN 6012 --- [main] aWebConfiguration$JpaWebMvcConfiguration : spring.jpa.open-in-view is enabled by default. Therefore, database queries may be performed during view rendering. Explicitly configure spring.jpa.open-in-view to disable this warning
2021-11-07 16:57:48.750  INFO 6012 --- [main] t.e.spring.EntrepriseServiceImplTest     : Started EntrepriseServiceImplTest in 6.587 seconds (JVM running for 7.888)
2021-11-07 16:57:48.984  INFO 6012 --- [Thread-2] o.s.s.concurrent.ThreadPoolTaskExecutor  : Shutting down ExecutorService 'applicationTaskExecutor'
2021-11-07 16:57:48.987  INFO 6012 --- [Thread-2] j.LocalContainerEntityManagerFactoryBean : Closing JPA EntityManagerFactory for persistence unit 'default'
2021-11-07 16:57:48.987  INFO 6012 --- [Thread-2] com.zaxxer.hikari.HikariDataSource       : HikariPool-1 - Shutdown initiated...
2021-11-07 16:57:49.003  INFO 6012 --- [Thread-2] com.zaxxer.hikari.HikariDataSource       : HikariPool-1 - Shutdown completed.
2021-11-07 16:58:40.658  INFO 256 --- [main] t.e.spring.EntrepriseServiceImplTest     : Starting EntrepriseServiceImplTest on DESKTOP-V96FDLG with PID 256 (started by DELL in C:\Users\DELL\Desktop\TimesheetProject)
2021-11-07 16:58:40.658  INFO 256 --- [main] t.e.spring.EntrepriseServiceImplTest     : No active profile set, falling back to default profiles: default
2021-11-07 16:58:41.642  INFO 256 --- [main] .s.d.r.c.RepositoryConfigurationDelegate : Bootstrapping Spring Data repositories in DEFAULT mode.
2021-11-07 16:58:41.761  INFO 256 --- [main] .s.d.r.c.RepositoryConfigurationDelegate : Finished Spring Data repository scanning in 110ms. Found 6 repository interfaces.
2021-11-07 16:58:42.292  INFO 256 --- [main] trationDelegate$BeanPostProcessorChecker : Bean 'org.springframework.transaction.annotation.ProxyTransactionManagementConfiguration' of type [org.springframework.transaction.annotation.ProxyTransactionManagementConfiguration$$EnhancerBySpringCGLIB$$5e32af14] is not eligible for getting processed by all BeanPostProcessors (for example: not eligible for auto-proxying)
2021-11-07 16:58:42.573  INFO 256 --- [main] com.zaxxer.hikari.HikariDataSource       : HikariPool-1 - Starting...
2021-11-07 16:58:42.729  INFO 256 --- [main] com.zaxxer.hikari.HikariDataSource       : HikariPool-1 - Start completed.
2021-11-07 16:58:42.873  INFO 256 --- [main] o.hibernate.jpa.internal.util.LogHelper  : HHH000204: Processing PersistenceUnitInfo [
	name: default
	...]
2021-11-07 16:58:42.936  INFO 256 --- [main] org.hibernate.Version                    : HHH000412: Hibernate Core {5.3.9.Final}
2021-11-07 16:58:42.951  INFO 256 --- [main] org.hibernate.cfg.Environment            : HHH000206: hibernate.properties not found
2021-11-07 16:58:43.108  INFO 256 --- [main] o.hibernate.annotations.common.Version   : HCANN000001: Hibernate Commons Annotations {5.0.4.Final}
2021-11-07 16:58:43.467  INFO 256 --- [main] org.hibernate.dialect.Dialect            : HHH000400: Using dialect: org.hibernate.dialect.MySQL5Dialect
2021-11-07 16:58:44.417  INFO 256 --- [main] j.LocalContainerEntityManagerFactoryBean : Initialized JPA EntityManagerFactory for persistence unit 'default'
2021-11-07 16:58:44.792  INFO 256 --- [main] o.h.h.i.QueryTranslatorFactoryInitiator  : HHH000397: Using ASTQueryTranslatorFactory
2021-11-07 16:58:46.042  INFO 256 --- [main] o.s.s.concurrent.ThreadPoolTaskExecutor  : Initializing ExecutorService 'applicationTaskExecutor'
2021-11-07 16:58:46.131  WARN 256 --- [main] aWebConfiguration$JpaWebMvcConfiguration : spring.jpa.open-in-view is enabled by default. Therefore, database queries may be performed during view rendering. Explicitly configure spring.jpa.open-in-view to disable this warning
2021-11-07 16:58:46.771  INFO 256 --- [main] t.e.spring.EntrepriseServiceImplTest     : Started EntrepriseServiceImplTest in 6.476 seconds (JVM running for 7.414)
2021-11-07 16:58:46.865  INFO 256 --- [main] t.e.s.services.EntrepriseServiceImpl     : ajouter entreprise
2021-11-07 16:58:46.974  INFO 256 --- [main] t.e.s.services.EntrepriseServiceImpl     : out of ajout 
2021-11-07 16:58:46.974  INFO 256 --- [Thread-2] o.s.s.concurrent.ThreadPoolTaskExecutor  : Shutting down ExecutorService 'applicationTaskExecutor'
2021-11-07 16:58:47.037  INFO 256 --- [Thread-2] j.LocalContainerEntityManagerFactoryBean : Closing JPA EntityManagerFactory for persistence unit 'default'
2021-11-07 16:58:47.037  INFO 256 --- [Thread-2] com.zaxxer.hikari.HikariDataSource       : HikariPool-1 - Shutdown initiated...
2021-11-07 16:58:47.052  INFO 256 --- [Thread-2] com.zaxxer.hikari.HikariDataSource       : HikariPool-1 - Shutdown completed.
2021-11-07 16:59:37.209  INFO 1424 --- [main] t.e.spring.EntrepriseServiceImplTest     : Starting EntrepriseServiceImplTest on DESKTOP-V96FDLG with PID 1424 (started by DELL in C:\Users\DELL\Desktop\TimesheetProject)
2021-11-07 16:59:37.209  INFO 1424 --- [main] t.e.spring.EntrepriseServiceImplTest     : No active profile set, falling back to default profiles: default
2021-11-07 16:59:38.177  INFO 1424 --- [main] .s.d.r.c.RepositoryConfigurationDelegate : Bootstrapping Spring Data repositories in DEFAULT mode.
2021-11-07 16:59:38.281  INFO 1424 --- [main] .s.d.r.c.RepositoryConfigurationDelegate : Finished Spring Data repository scanning in 94ms. Found 6 repository interfaces.
2021-11-07 16:59:38.734  INFO 1424 --- [main] trationDelegate$BeanPostProcessorChecker : Bean 'org.springframework.transaction.annotation.ProxyTransactionManagementConfiguration' of type [org.springframework.transaction.annotation.ProxyTransactionManagementConfiguration$$EnhancerBySpringCGLIB$$d9d301ff] is not eligible for getting processed by all BeanPostProcessors (for example: not eligible for auto-proxying)
2021-11-07 16:59:38.984  INFO 1424 --- [main] com.zaxxer.hikari.HikariDataSource       : HikariPool-1 - Starting...
2021-11-07 16:59:39.125  INFO 1424 --- [main] com.zaxxer.hikari.HikariDataSource       : HikariPool-1 - Start completed.
2021-11-07 16:59:39.265  INFO 1424 --- [main] o.hibernate.jpa.internal.util.LogHelper  : HHH000204: Processing PersistenceUnitInfo [
	name: default
	...]
2021-11-07 16:59:39.341  INFO 1424 --- [main] org.hibernate.Version                    : HHH000412: Hibernate Core {5.3.9.Final}
2021-11-07 16:59:39.341  INFO 1424 --- [main] org.hibernate.cfg.Environment            : HHH000206: hibernate.properties not found
2021-11-07 16:59:39.513  INFO 1424 --- [main] o.hibernate.annotations.common.Version   : HCANN000001: Hibernate Commons Annotations {5.0.4.Final}
2021-11-07 16:59:39.856  INFO 1424 --- [main] org.hibernate.dialect.Dialect            : HHH000400: Using dialect: org.hibernate.dialect.MySQL5Dialect
2021-11-07 16:59:40.800  INFO 1424 --- [main] j.LocalContainerEntityManagerFactoryBean : Initialized JPA EntityManagerFactory for persistence unit 'default'
2021-11-07 16:59:41.191  INFO 1424 --- [main] o.h.h.i.QueryTranslatorFactoryInitiator  : HHH000397: Using ASTQueryTranslatorFactory
2021-11-07 16:59:42.347  INFO 1424 --- [main] o.s.s.concurrent.ThreadPoolTaskExecutor  : Initializing ExecutorService 'applicationTaskExecutor'
2021-11-07 16:59:42.425  WARN 1424 --- [main] aWebConfiguration$JpaWebMvcConfiguration : spring.jpa.open-in-view is enabled by default. Therefore, database queries may be performed during view rendering. Explicitly configure spring.jpa.open-in-view to disable this warning
2021-11-07 16:59:43.081  INFO 1424 --- [main] t.e.spring.EntrepriseServiceImplTest     : Started EntrepriseServiceImplTest in 6.24 seconds (JVM running for 7.057)
2021-11-07 16:59:43.284  INFO 1424 --- [Thread-2] o.s.s.concurrent.ThreadPoolTaskExecutor  : Shutting down ExecutorService 'applicationTaskExecutor'
2021-11-07 16:59:43.284  INFO 1424 --- [Thread-2] j.LocalContainerEntityManagerFactoryBean : Closing JPA EntityManagerFactory for persistence unit 'default'
2021-11-07 16:59:43.300  INFO 1424 --- [Thread-2] com.zaxxer.hikari.HikariDataSource       : HikariPool-1 - Shutdown initiated...
2021-11-07 16:59:43.300  INFO 1424 --- [Thread-2] com.zaxxer.hikari.HikariDataSource       : HikariPool-1 - Shutdown completed.
2021-11-07 17:02:06.998  INFO 5940 --- [main] t.e.spring.EntrepriseServiceImplTest     : Starting EntrepriseServiceImplTest on DESKTOP-V96FDLG with PID 5940 (started by DELL in C:\Users\DELL\Desktop\TimesheetProject)
2021-11-07 17:02:06.998  INFO 5940 --- [main] t.e.spring.EntrepriseServiceImplTest     : No active profile set, falling back to default profiles: default
2021-11-07 17:02:07.951  INFO 5940 --- [main] .s.d.r.c.RepositoryConfigurationDelegate : Bootstrapping Spring Data repositories in DEFAULT mode.
2021-11-07 17:02:08.078  INFO 5940 --- [main] .s.d.r.c.RepositoryConfigurationDelegate : Finished Spring Data repository scanning in 110ms. Found 6 repository interfaces.
2021-11-07 17:02:08.562  INFO 5940 --- [main] trationDelegate$BeanPostProcessorChecker : Bean 'org.springframework.transaction.annotation.ProxyTransactionManagementConfiguration' of type [org.springframework.transaction.annotation.ProxyTransactionManagementConfiguration$$EnhancerBySpringCGLIB$$5e32af14] is not eligible for getting processed by all BeanPostProcessors (for example: not eligible for auto-proxying)
2021-11-07 17:02:08.828  INFO 5940 --- [main] com.zaxxer.hikari.HikariDataSource       : HikariPool-1 - Starting...
2021-11-07 17:02:08.984  INFO 5940 --- [main] com.zaxxer.hikari.HikariDataSource       : HikariPool-1 - Start completed.
2021-11-07 17:02:09.115  INFO 5940 --- [main] o.hibernate.jpa.internal.util.LogHelper  : HHH000204: Processing PersistenceUnitInfo [
	name: default
	...]
2021-11-07 17:02:09.193  INFO 5940 --- [main] org.hibernate.Version                    : HHH000412: Hibernate Core {5.3.9.Final}
2021-11-07 17:02:09.193  INFO 5940 --- [main] org.hibernate.cfg.Environment            : HHH000206: hibernate.properties not found
2021-11-07 17:02:09.349  INFO 5940 --- [main] o.hibernate.annotations.common.Version   : HCANN000001: Hibernate Commons Annotations {5.0.4.Final}
2021-11-07 17:02:09.677  INFO 5940 --- [main] org.hibernate.dialect.Dialect            : HHH000400: Using dialect: org.hibernate.dialect.MySQL5Dialect
2021-11-07 17:02:10.622  INFO 5940 --- [main] j.LocalContainerEntityManagerFactoryBean : Initialized JPA EntityManagerFactory for persistence unit 'default'
2021-11-07 17:02:11.028  INFO 5940 --- [main] o.h.h.i.QueryTranslatorFactoryInitiator  : HHH000397: Using ASTQueryTranslatorFactory
2021-11-07 17:02:12.184  INFO 5940 --- [main] o.s.s.concurrent.ThreadPoolTaskExecutor  : Initializing ExecutorService 'applicationTaskExecutor'
2021-11-07 17:02:12.250  WARN 5940 --- [main] aWebConfiguration$JpaWebMvcConfiguration : spring.jpa.open-in-view is enabled by default. Therefore, database queries may be performed during view rendering. Explicitly configure spring.jpa.open-in-view to disable this warning
2021-11-07 17:02:12.875  INFO 5940 --- [main] t.e.spring.EntrepriseServiceImplTest     : Started EntrepriseServiceImplTest in 6.27 seconds (JVM running for 7.062)
2021-11-07 17:02:13.078  INFO 5940 --- [Thread-2] o.s.s.concurrent.ThreadPoolTaskExecutor  : Shutting down ExecutorService 'applicationTaskExecutor'
2021-11-07 17:02:13.078  INFO 5940 --- [Thread-2] j.LocalContainerEntityManagerFactoryBean : Closing JPA EntityManagerFactory for persistence unit 'default'
2021-11-07 17:02:13.078  INFO 5940 --- [Thread-2] com.zaxxer.hikari.HikariDataSource       : HikariPool-1 - Shutdown initiated...
2021-11-07 17:02:13.094  INFO 5940 --- [Thread-2] com.zaxxer.hikari.HikariDataSource       : HikariPool-1 - Shutdown completed.
2021-11-07 17:06:32.967  INFO 9920 --- [main] t.e.spring.EntrepriseServiceImplTest     : Starting EntrepriseServiceImplTest on DESKTOP-V96FDLG with PID 9920 (started by DELL in C:\Users\DELL\Desktop\TimesheetProject)
2021-11-07 17:06:32.967  INFO 9920 --- [main] t.e.spring.EntrepriseServiceImplTest     : No active profile set, falling back to default profiles: default
2021-11-07 17:06:33.998  INFO 9920 --- [main] .s.d.r.c.RepositoryConfigurationDelegate : Bootstrapping Spring Data repositories in DEFAULT mode.
2021-11-07 17:06:34.098  INFO 9920 --- [main] .s.d.r.c.RepositoryConfigurationDelegate : Finished Spring Data repository scanning in 93ms. Found 6 repository interfaces.
2021-11-07 17:06:34.567  INFO 9920 --- [main] trationDelegate$BeanPostProcessorChecker : Bean 'org.springframework.transaction.annotation.ProxyTransactionManagementConfiguration' of type [org.springframework.transaction.annotation.ProxyTransactionManagementConfiguration$$EnhancerBySpringCGLIB$$fd115121] is not eligible for getting processed by all BeanPostProcessors (for example: not eligible for auto-proxying)
2021-11-07 17:06:34.833  INFO 9920 --- [main] com.zaxxer.hikari.HikariDataSource       : HikariPool-1 - Starting...
2021-11-07 17:06:34.973  INFO 9920 --- [main] com.zaxxer.hikari.HikariDataSource       : HikariPool-1 - Start completed.
2021-11-07 17:06:35.114  INFO 9920 --- [main] o.hibernate.jpa.internal.util.LogHelper  : HHH000204: Processing PersistenceUnitInfo [
	name: default
	...]
2021-11-07 17:06:35.188  INFO 9920 --- [main] org.hibernate.Version                    : HHH000412: Hibernate Core {5.3.9.Final}
2021-11-07 17:06:35.188  INFO 9920 --- [main] org.hibernate.cfg.Environment            : HHH000206: hibernate.properties not found
2021-11-07 17:06:35.360  INFO 9920 --- [main] o.hibernate.annotations.common.Version   : HCANN000001: Hibernate Commons Annotations {5.0.4.Final}
2021-11-07 17:06:35.720  INFO 9920 --- [main] org.hibernate.dialect.Dialect            : HHH000400: Using dialect: org.hibernate.dialect.MySQL5Dialect
2021-11-07 17:06:36.681  INFO 9920 --- [main] j.LocalContainerEntityManagerFactoryBean : Initialized JPA EntityManagerFactory for persistence unit 'default'
2021-11-07 17:06:37.071  INFO 9920 --- [main] o.h.h.i.QueryTranslatorFactoryInitiator  : HHH000397: Using ASTQueryTranslatorFactory
2021-11-07 17:06:38.274  INFO 9920 --- [main] o.s.s.concurrent.ThreadPoolTaskExecutor  : Initializing ExecutorService 'applicationTaskExecutor'
2021-11-07 17:06:38.349  WARN 9920 --- [main] aWebConfiguration$JpaWebMvcConfiguration : spring.jpa.open-in-view is enabled by default. Therefore, database queries may be performed during view rendering. Explicitly configure spring.jpa.open-in-view to disable this warning
2021-11-07 17:06:39.005  INFO 9920 --- [main] t.e.spring.EntrepriseServiceImplTest     : Started EntrepriseServiceImplTest in 6.403 seconds (JVM running for 7.258)
2021-11-07 17:06:39.099  INFO 9920 --- [main] t.e.s.services.EntrepriseServiceImpl     : ajouter entreprise
2021-11-07 17:06:39.208  INFO 9920 --- [main] t.e.s.services.EntrepriseServiceImpl     : hhhhhhhh ajout 
2021-11-07 17:06:39.240  INFO 9920 --- [Thread-2] o.s.s.concurrent.ThreadPoolTaskExecutor  : Shutting down ExecutorService 'applicationTaskExecutor'
2021-11-07 17:06:39.255  INFO 9920 --- [Thread-2] j.LocalContainerEntityManagerFactoryBean : Closing JPA EntityManagerFactory for persistence unit 'default'
2021-11-07 17:06:39.255  INFO 9920 --- [Thread-2] com.zaxxer.hikari.HikariDataSource       : HikariPool-1 - Shutdown initiated...
2021-11-07 17:06:39.271  INFO 9920 --- [Thread-2] com.zaxxer.hikari.HikariDataSource       : HikariPool-1 - Shutdown completed.
2021-11-07 17:08:12.720  INFO 3000 --- [main] t.e.spring.EntrepriseServiceImplTest     : Starting EntrepriseServiceImplTest on DESKTOP-V96FDLG with PID 3000 (started by DELL in C:\Users\DELL\Desktop\TimesheetProject)
2021-11-07 17:08:12.720  INFO 3000 --- [main] t.e.spring.EntrepriseServiceImplTest     : No active profile set, falling back to default profiles: default
2021-11-07 17:08:13.704  INFO 3000 --- [main] .s.d.r.c.RepositoryConfigurationDelegate : Bootstrapping Spring Data repositories in DEFAULT mode.
2021-11-07 17:08:13.819  INFO 3000 --- [main] .s.d.r.c.RepositoryConfigurationDelegate : Finished Spring Data repository scanning in 109ms. Found 6 repository interfaces.
2021-11-07 17:08:14.273  INFO 3000 --- [main] trationDelegate$BeanPostProcessorChecker : Bean 'org.springframework.transaction.annotation.ProxyTransactionManagementConfiguration' of type [org.springframework.transaction.annotation.ProxyTransactionManagementConfiguration$$EnhancerBySpringCGLIB$$d2296d36] is not eligible for getting processed by all BeanPostProcessors (for example: not eligible for auto-proxying)
2021-11-07 17:08:14.554  INFO 3000 --- [main] com.zaxxer.hikari.HikariDataSource       : HikariPool-1 - Starting...
2021-11-07 17:08:14.694  INFO 3000 --- [main] com.zaxxer.hikari.HikariDataSource       : HikariPool-1 - Start completed.
2021-11-07 17:08:14.835  INFO 3000 --- [main] o.hibernate.jpa.internal.util.LogHelper  : HHH000204: Processing PersistenceUnitInfo [
	name: default
	...]
2021-11-07 17:08:14.910  INFO 3000 --- [main] org.hibernate.Version                    : HHH000412: Hibernate Core {5.3.9.Final}
2021-11-07 17:08:14.910  INFO 3000 --- [main] org.hibernate.cfg.Environment            : HHH000206: hibernate.properties not found
2021-11-07 17:08:15.082  INFO 3000 --- [main] o.hibernate.annotations.common.Version   : HCANN000001: Hibernate Commons Annotations {5.0.4.Final}
2021-11-07 17:08:15.426  INFO 3000 --- [main] org.hibernate.dialect.Dialect            : HHH000400: Using dialect: org.hibernate.dialect.MySQL5Dialect
2021-11-07 17:08:16.373  INFO 3000 --- [main] j.LocalContainerEntityManagerFactoryBean : Initialized JPA EntityManagerFactory for persistence unit 'default'
2021-11-07 17:08:16.764  INFO 3000 --- [main] o.h.h.i.QueryTranslatorFactoryInitiator  : HHH000397: Using ASTQueryTranslatorFactory
2021-11-07 17:08:17.888  INFO 3000 --- [main] o.s.s.concurrent.ThreadPoolTaskExecutor  : Initializing ExecutorService 'applicationTaskExecutor'
2021-11-07 17:08:17.966  WARN 3000 --- [main] aWebConfiguration$JpaWebMvcConfiguration : spring.jpa.open-in-view is enabled by default. Therefore, database queries may be performed during view rendering. Explicitly configure spring.jpa.open-in-view to disable this warning
2021-11-07 17:08:18.716  INFO 3000 --- [main] t.e.spring.EntrepriseServiceImplTest     : Started EntrepriseServiceImplTest in 6.373 seconds (JVM running for 7.227)
2021-11-07 17:08:18.952  INFO 3000 --- [main] t.e.s.services.EntrepriseServiceImpl     : departement affecter avec reussite
2021-11-07 17:08:18.983  INFO 3000 --- [Thread-2] o.s.s.concurrent.ThreadPoolTaskExecutor  : Shutting down ExecutorService 'applicationTaskExecutor'
2021-11-07 17:08:18.983  INFO 3000 --- [Thread-2] j.LocalContainerEntityManagerFactoryBean : Closing JPA EntityManagerFactory for persistence unit 'default'
2021-11-07 17:08:18.983  INFO 3000 --- [Thread-2] com.zaxxer.hikari.HikariDataSource       : HikariPool-1 - Shutdown initiated...
2021-11-07 17:08:18.999  INFO 3000 --- [Thread-2] com.zaxxer.hikari.HikariDataSource       : HikariPool-1 - Shutdown completed.
2021-11-07 17:09:04.616  INFO 12052 --- [main] t.e.spring.EntrepriseServiceImplTest     : Starting EntrepriseServiceImplTest on DESKTOP-V96FDLG with PID 12052 (started by DELL in C:\Users\DELL\Desktop\TimesheetProject)
2021-11-07 17:09:04.616  INFO 12052 --- [main] t.e.spring.EntrepriseServiceImplTest     : No active profile set, falling back to default profiles: default
2021-11-07 17:09:05.585  INFO 12052 --- [main] .s.d.r.c.RepositoryConfigurationDelegate : Bootstrapping Spring Data repositories in DEFAULT mode.
2021-11-07 17:09:05.711  INFO 12052 --- [main] .s.d.r.c.RepositoryConfigurationDelegate : Finished Spring Data repository scanning in 109ms. Found 6 repository interfaces.
2021-11-07 17:09:06.195  INFO 12052 --- [main] trationDelegate$BeanPostProcessorChecker : Bean 'org.springframework.transaction.annotation.ProxyTransactionManagementConfiguration' of type [org.springframework.transaction.annotation.ProxyTransactionManagementConfiguration$$EnhancerBySpringCGLIB$$eb628307] is not eligible for getting processed by all BeanPostProcessors (for example: not eligible for auto-proxying)
2021-11-07 17:09:06.461  INFO 12052 --- [main] com.zaxxer.hikari.HikariDataSource       : HikariPool-1 - Starting...
2021-11-07 17:09:06.601  INFO 12052 --- [main] com.zaxxer.hikari.HikariDataSource       : HikariPool-1 - Start completed.
2021-11-07 17:09:06.739  INFO 12052 --- [main] o.hibernate.jpa.internal.util.LogHelper  : HHH000204: Processing PersistenceUnitInfo [
	name: default
	...]
2021-11-07 17:09:06.817  INFO 12052 --- [main] org.hibernate.Version                    : HHH000412: Hibernate Core {5.3.9.Final}
2021-11-07 17:09:06.817  INFO 12052 --- [main] org.hibernate.cfg.Environment            : HHH000206: hibernate.properties not found
2021-11-07 17:09:06.973  INFO 12052 --- [main] o.hibernate.annotations.common.Version   : HCANN000001: Hibernate Commons Annotations {5.0.4.Final}
2021-11-07 17:09:07.332  INFO 12052 --- [main] org.hibernate.dialect.Dialect            : HHH000400: Using dialect: org.hibernate.dialect.MySQL5Dialect
2021-11-07 17:09:08.282  INFO 12052 --- [main] j.LocalContainerEntityManagerFactoryBean : Initialized JPA EntityManagerFactory for persistence unit 'default'
2021-11-07 17:09:08.704  INFO 12052 --- [main] o.h.h.i.QueryTranslatorFactoryInitiator  : HHH000397: Using ASTQueryTranslatorFactory
2021-11-07 17:09:09.907  INFO 12052 --- [main] o.s.s.concurrent.ThreadPoolTaskExecutor  : Initializing ExecutorService 'applicationTaskExecutor'
2021-11-07 17:09:09.957  WARN 12052 --- [main] aWebConfiguration$JpaWebMvcConfiguration : spring.jpa.open-in-view is enabled by default. Therefore, database queries may be performed during view rendering. Explicitly configure spring.jpa.open-in-view to disable this warning
2021-11-07 17:09:10.660  INFO 12052 --- [main] t.e.spring.EntrepriseServiceImplTest     : Started EntrepriseServiceImplTest in 6.413 seconds (JVM running for 7.274)
2021-11-07 17:09:10.769  INFO 12052 --- [main] t.e.s.services.EntrepriseServiceImpl     : ajouter entreprise
2021-11-07 17:09:10.879  INFO 12052 --- [main] t.e.s.services.EntrepriseServiceImpl     : hhhhhhhh ajout 
2021-11-07 17:09:10.894  INFO 12052 --- [Thread-2] o.s.s.concurrent.ThreadPoolTaskExecutor  : Shutting down ExecutorService 'applicationTaskExecutor'
2021-11-07 17:09:10.894  INFO 12052 --- [Thread-2] j.LocalContainerEntityManagerFactoryBean : Closing JPA EntityManagerFactory for persistence unit 'default'
2021-11-07 17:09:10.894  INFO 12052 --- [Thread-2] com.zaxxer.hikari.HikariDataSource       : HikariPool-1 - Shutdown initiated...
2021-11-07 17:09:10.910  INFO 12052 --- [Thread-2] com.zaxxer.hikari.HikariDataSource       : HikariPool-1 - Shutdown completed.
2021-11-07 17:10:56.470  INFO 11516 --- [main] t.e.spring.EntrepriseServiceImplTest     : Starting EntrepriseServiceImplTest on DESKTOP-V96FDLG with PID 11516 (started by DELL in C:\Users\DELL\Desktop\TimesheetProject)
2021-11-07 17:10:56.486  INFO 11516 --- [main] t.e.spring.EntrepriseServiceImplTest     : No active profile set, falling back to default profiles: default
2021-11-07 17:10:57.438  INFO 11516 --- [main] .s.d.r.c.RepositoryConfigurationDelegate : Bootstrapping Spring Data repositories in DEFAULT mode.
2021-11-07 17:10:57.558  INFO 11516 --- [main] .s.d.r.c.RepositoryConfigurationDelegate : Finished Spring Data repository scanning in 110ms. Found 6 repository interfaces.
2021-11-07 17:10:58.042  INFO 11516 --- [main] trationDelegate$BeanPostProcessorChecker : Bean 'org.springframework.transaction.annotation.ProxyTransactionManagementConfiguration' of type [org.springframework.transaction.annotation.ProxyTransactionManagementConfiguration$$EnhancerBySpringCGLIB$$5b5d8566] is not eligible for getting processed by all BeanPostProcessors (for example: not eligible for auto-proxying)
2021-11-07 17:10:58.323  INFO 11516 --- [main] com.zaxxer.hikari.HikariDataSource       : HikariPool-1 - Starting...
2021-11-07 17:10:58.479  INFO 11516 --- [main] com.zaxxer.hikari.HikariDataSource       : HikariPool-1 - Start completed.
2021-11-07 17:10:58.614  INFO 11516 --- [main] o.hibernate.jpa.internal.util.LogHelper  : HHH000204: Processing PersistenceUnitInfo [
	name: default
	...]
2021-11-07 17:10:58.692  INFO 11516 --- [main] org.hibernate.Version                    : HHH000412: Hibernate Core {5.3.9.Final}
2021-11-07 17:10:58.707  INFO 11516 --- [main] org.hibernate.cfg.Environment            : HHH000206: hibernate.properties not found
2021-11-07 17:10:58.863  INFO 11516 --- [main] o.hibernate.annotations.common.Version   : HCANN000001: Hibernate Commons Annotations {5.0.4.Final}
2021-11-07 17:10:59.207  INFO 11516 --- [main] org.hibernate.dialect.Dialect            : HHH000400: Using dialect: org.hibernate.dialect.MySQL5Dialect
2021-11-07 17:11:00.148  INFO 11516 --- [main] j.LocalContainerEntityManagerFactoryBean : Initialized JPA EntityManagerFactory for persistence unit 'default'
2021-11-07 17:11:00.538  INFO 11516 --- [main] o.h.h.i.QueryTranslatorFactoryInitiator  : HHH000397: Using ASTQueryTranslatorFactory
2021-11-07 17:11:01.648  INFO 11516 --- [main] o.s.s.concurrent.ThreadPoolTaskExecutor  : Initializing ExecutorService 'applicationTaskExecutor'
2021-11-07 17:11:01.697  WARN 11516 --- [main] aWebConfiguration$JpaWebMvcConfiguration : spring.jpa.open-in-view is enabled by default. Therefore, database queries may be performed during view rendering. Explicitly configure spring.jpa.open-in-view to disable this warning
2021-11-07 17:11:02.400  INFO 11516 --- [main] t.e.spring.EntrepriseServiceImplTest     : Started EntrepriseServiceImplTest in 6.295 seconds (JVM running for 7.13)
2021-11-07 17:11:02.603  INFO 11516 --- [main] t.e.s.services.EntrepriseServiceImpl     : departement affecter avec reussite
2021-11-07 17:11:02.619  INFO 11516 --- [Thread-2] o.s.s.concurrent.ThreadPoolTaskExecutor  : Shutting down ExecutorService 'applicationTaskExecutor'
2021-11-07 17:11:02.634  INFO 11516 --- [Thread-2] j.LocalContainerEntityManagerFactoryBean : Closing JPA EntityManagerFactory for persistence unit 'default'
2021-11-07 17:11:02.634  INFO 11516 --- [Thread-2] com.zaxxer.hikari.HikariDataSource       : HikariPool-1 - Shutdown initiated...
2021-11-07 17:11:02.634  INFO 11516 --- [Thread-2] com.zaxxer.hikari.HikariDataSource       : HikariPool-1 - Shutdown completed.
2021-11-07 17:11:34.114  INFO 10284 --- [main] t.e.spring.EntrepriseServiceImplTest     : Starting EntrepriseServiceImplTest on DESKTOP-V96FDLG with PID 10284 (started by DELL in C:\Users\DELL\Desktop\TimesheetProject)
2021-11-07 17:11:34.114  INFO 10284 --- [main] t.e.spring.EntrepriseServiceImplTest     : No active profile set, falling back to default profiles: default
2021-11-07 17:11:34.958  INFO 10284 --- [main] .s.d.r.c.RepositoryConfigurationDelegate : Bootstrapping Spring Data repositories in DEFAULT mode.
2021-11-07 17:11:35.098  INFO 10284 --- [main] .s.d.r.c.RepositoryConfigurationDelegate : Finished Spring Data repository scanning in 110ms. Found 6 repository interfaces.
2021-11-07 17:11:35.632  INFO 10284 --- [main] trationDelegate$BeanPostProcessorChecker : Bean 'org.springframework.transaction.annotation.ProxyTransactionManagementConfiguration' of type [org.springframework.transaction.annotation.ProxyTransactionManagementConfiguration$$EnhancerBySpringCGLIB$$e056b3da] is not eligible for getting processed by all BeanPostProcessors (for example: not eligible for auto-proxying)
2021-11-07 17:11:35.898  INFO 10284 --- [main] com.zaxxer.hikari.HikariDataSource       : HikariPool-1 - Starting...
2021-11-07 17:11:36.070  INFO 10284 --- [main] com.zaxxer.hikari.HikariDataSource       : HikariPool-1 - Start completed.
2021-11-07 17:11:36.241  INFO 10284 --- [main] o.hibernate.jpa.internal.util.LogHelper  : HHH000204: Processing PersistenceUnitInfo [
	name: default
	...]
2021-11-07 17:11:36.329  INFO 10284 --- [main] org.hibernate.Version                    : HHH000412: Hibernate Core {5.3.9.Final}
2021-11-07 17:11:36.329  INFO 10284 --- [main] org.hibernate.cfg.Environment            : HHH000206: hibernate.properties not found
2021-11-07 17:11:36.485  INFO 10284 --- [main] o.hibernate.annotations.common.Version   : HCANN000001: Hibernate Commons Annotations {5.0.4.Final}
2021-11-07 17:11:36.829  INFO 10284 --- [main] org.hibernate.dialect.Dialect            : HHH000400: Using dialect: org.hibernate.dialect.MySQL5Dialect
2021-11-07 17:11:37.779  INFO 10284 --- [main] j.LocalContainerEntityManagerFactoryBean : Initialized JPA EntityManagerFactory for persistence unit 'default'
2021-11-07 17:11:38.185  INFO 10284 --- [main] o.h.h.i.QueryTranslatorFactoryInitiator  : HHH000397: Using ASTQueryTranslatorFactory
2021-11-07 17:11:39.310  INFO 10284 --- [main] o.s.s.concurrent.ThreadPoolTaskExecutor  : Initializing ExecutorService 'applicationTaskExecutor'
2021-11-07 17:11:39.384  WARN 10284 --- [main] aWebConfiguration$JpaWebMvcConfiguration : spring.jpa.open-in-view is enabled by default. Therefore, database queries may be performed during view rendering. Explicitly configure spring.jpa.open-in-view to disable this warning
2021-11-07 17:11:40.071  INFO 10284 --- [main] t.e.spring.EntrepriseServiceImplTest     : Started EntrepriseServiceImplTest in 6.32 seconds (JVM running for 7.21)
2021-11-07 17:11:40.305  INFO 10284 --- [main] t.e.s.services.EntrepriseServiceImpl     : departement affecter avec reussite
2021-11-07 17:11:40.321  INFO 10284 --- [Thread-2] o.s.s.concurrent.ThreadPoolTaskExecutor  : Shutting down ExecutorService 'applicationTaskExecutor'
2021-11-07 17:11:40.331  INFO 10284 --- [Thread-2] j.LocalContainerEntityManagerFactoryBean : Closing JPA EntityManagerFactory for persistence unit 'default'
2021-11-07 17:11:40.331  INFO 10284 --- [Thread-2] com.zaxxer.hikari.HikariDataSource       : HikariPool-1 - Shutdown initiated...
2021-11-07 17:11:40.331  INFO 10284 --- [Thread-2] com.zaxxer.hikari.HikariDataSource       : HikariPool-1 - Shutdown completed.
2021-11-07 17:15:05.434  INFO 11652 --- [main] t.e.spring.EntrepriseServiceImplTest     : Starting EntrepriseServiceImplTest on DESKTOP-V96FDLG with PID 11652 (started by DELL in C:\Users\DELL\Desktop\TimesheetProject)
2021-11-07 17:15:05.434  INFO 11652 --- [main] t.e.spring.EntrepriseServiceImplTest     : No active profile set, falling back to default profiles: default
2021-11-07 17:15:06.418  INFO 11652 --- [main] .s.d.r.c.RepositoryConfigurationDelegate : Bootstrapping Spring Data repositories in DEFAULT mode.
2021-11-07 17:15:06.535  INFO 11652 --- [main] .s.d.r.c.RepositoryConfigurationDelegate : Finished Spring Data repository scanning in 109ms. Found 6 repository interfaces.
2021-11-07 17:15:07.020  INFO 11652 --- [main] trationDelegate$BeanPostProcessorChecker : Bean 'org.springframework.transaction.annotation.ProxyTransactionManagementConfiguration' of type [org.springframework.transaction.annotation.ProxyTransactionManagementConfiguration$$EnhancerBySpringCGLIB$$d262ed6b] is not eligible for getting processed by all BeanPostProcessors (for example: not eligible for auto-proxying)
2021-11-07 17:15:07.285  INFO 11652 --- [main] com.zaxxer.hikari.HikariDataSource       : HikariPool-1 - Starting...
2021-11-07 17:15:07.441  INFO 11652 --- [main] com.zaxxer.hikari.HikariDataSource       : HikariPool-1 - Start completed.
2021-11-07 17:15:07.586  INFO 11652 --- [main] o.hibernate.jpa.internal.util.LogHelper  : HHH000204: Processing PersistenceUnitInfo [
	name: default
	...]
2021-11-07 17:15:07.648  INFO 11652 --- [main] org.hibernate.Version                    : HHH000412: Hibernate Core {5.3.9.Final}
2021-11-07 17:15:07.648  INFO 11652 --- [main] org.hibernate.cfg.Environment            : HHH000206: hibernate.properties not found
2021-11-07 17:15:07.805  INFO 11652 --- [main] o.hibernate.annotations.common.Version   : HCANN000001: Hibernate Commons Annotations {5.0.4.Final}
2021-11-07 17:15:08.148  INFO 11652 --- [main] org.hibernate.dialect.Dialect            : HHH000400: Using dialect: org.hibernate.dialect.MySQL5Dialect
2021-11-07 17:15:09.088  INFO 11652 --- [main] j.LocalContainerEntityManagerFactoryBean : Initialized JPA EntityManagerFactory for persistence unit 'default'
2021-11-07 17:15:09.525  INFO 11652 --- [main] o.h.h.i.QueryTranslatorFactoryInitiator  : HHH000397: Using ASTQueryTranslatorFactory
2021-11-07 17:15:10.775  INFO 11652 --- [main] o.s.s.concurrent.ThreadPoolTaskExecutor  : Initializing ExecutorService 'applicationTaskExecutor'
2021-11-07 17:15:10.826  WARN 11652 --- [main] aWebConfiguration$JpaWebMvcConfiguration : spring.jpa.open-in-view is enabled by default. Therefore, database queries may be performed during view rendering. Explicitly configure spring.jpa.open-in-view to disable this warning
2021-11-07 17:15:11.483  INFO 11652 --- [main] t.e.spring.EntrepriseServiceImplTest     : Started EntrepriseServiceImplTest in 6.404 seconds (JVM running for 7.292)
2021-11-07 17:15:11.639  INFO 11652 --- [main] t.e.s.services.EntrepriseServiceImpl     : affichage ok
2021-11-07 17:15:11.654  INFO 11652 --- [Thread-2] o.s.s.concurrent.ThreadPoolTaskExecutor  : Shutting down ExecutorService 'applicationTaskExecutor'
2021-11-07 17:15:11.654  INFO 11652 --- [Thread-2] j.LocalContainerEntityManagerFactoryBean : Closing JPA EntityManagerFactory for persistence unit 'default'
2021-11-07 17:15:11.654  INFO 11652 --- [Thread-2] com.zaxxer.hikari.HikariDataSource       : HikariPool-1 - Shutdown initiated...
2021-11-07 17:15:11.670  INFO 11652 --- [Thread-2] com.zaxxer.hikari.HikariDataSource       : HikariPool-1 - Shutdown completed.
2021-11-07 17:52:11.402  INFO 12240 --- [main] t.e.spring.EntrepriseServiceImplTest     : Starting EntrepriseServiceImplTest on DESKTOP-V96FDLG with PID 12240 (started by DELL in C:\Users\DELL\Desktop\TimesheetProject)
2021-11-07 17:52:11.402  INFO 12240 --- [main] t.e.spring.EntrepriseServiceImplTest     : No active profile set, falling back to default profiles: default
2021-11-07 17:52:12.433  INFO 12240 --- [main] .s.d.r.c.RepositoryConfigurationDelegate : Bootstrapping Spring Data repositories in DEFAULT mode.
2021-11-07 17:52:12.551  INFO 12240 --- [main] .s.d.r.c.RepositoryConfigurationDelegate : Finished Spring Data repository scanning in 109ms. Found 6 repository interfaces.
2021-11-07 17:52:13.004  INFO 12240 --- [main] trationDelegate$BeanPostProcessorChecker : Bean 'org.springframework.transaction.annotation.ProxyTransactionManagementConfiguration' of type [org.springframework.transaction.annotation.ProxyTransactionManagementConfiguration$$EnhancerBySpringCGLIB$$d311b372] is not eligible for getting processed by all BeanPostProcessors (for example: not eligible for auto-proxying)
2021-11-07 17:52:13.301  INFO 12240 --- [main] com.zaxxer.hikari.HikariDataSource       : HikariPool-1 - Starting...
2021-11-07 17:52:13.442  INFO 12240 --- [main] com.zaxxer.hikari.HikariDataSource       : HikariPool-1 - Start completed.
2021-11-07 17:52:13.510  INFO 12240 --- [main] o.hibernate.jpa.internal.util.LogHelper  : HHH000204: Processing PersistenceUnitInfo [
	name: default
	...]
2021-11-07 17:52:13.651  INFO 12240 --- [main] org.hibernate.Version                    : HHH000412: Hibernate Core {5.3.9.Final}
2021-11-07 17:52:13.651  INFO 12240 --- [main] org.hibernate.cfg.Environment            : HHH000206: hibernate.properties not found
2021-11-07 17:52:13.854  INFO 12240 --- [main] o.hibernate.annotations.common.Version   : HCANN000001: Hibernate Commons Annotations {5.0.4.Final}
2021-11-07 17:52:14.213  INFO 12240 --- [main] org.hibernate.dialect.Dialect            : HHH000400: Using dialect: org.hibernate.dialect.MySQL5Dialect
2021-11-07 17:52:15.190  INFO 12240 --- [main] j.LocalContainerEntityManagerFactoryBean : Initialized JPA EntityManagerFactory for persistence unit 'default'
2021-11-07 17:52:15.580  INFO 12240 --- [main] o.h.h.i.QueryTranslatorFactoryInitiator  : HHH000397: Using ASTQueryTranslatorFactory
2021-11-07 17:52:17.597  INFO 12240 --- [main] o.s.s.concurrent.ThreadPoolTaskExecutor  : Initializing ExecutorService 'applicationTaskExecutor'
2021-11-07 17:52:17.684  WARN 12240 --- [main] aWebConfiguration$JpaWebMvcConfiguration : spring.jpa.open-in-view is enabled by default. Therefore, database queries may be performed during view rendering. Explicitly configure spring.jpa.open-in-view to disable this warning
2021-11-07 17:52:18.324  INFO 12240 --- [main] t.e.spring.EntrepriseServiceImplTest     : Started EntrepriseServiceImplTest in 7.328 seconds (JVM running for 8.44)
2021-11-07 17:52:18.418  INFO 12240 --- [main] t.e.s.services.EntrepriseServiceImpl     : ajouter entreprise
2021-11-07 17:52:18.527  INFO 12240 --- [main] t.e.s.services.EntrepriseServiceImpl     : hhhhhhhh ajout 
2021-11-07 17:52:18.543  INFO 12240 --- [Thread-2] o.s.s.concurrent.ThreadPoolTaskExecutor  : Shutting down ExecutorService 'applicationTaskExecutor'
2021-11-07 17:52:18.558  INFO 12240 --- [Thread-2] j.LocalContainerEntityManagerFactoryBean : Closing JPA EntityManagerFactory for persistence unit 'default'
2021-11-07 17:52:18.558  INFO 12240 --- [Thread-2] com.zaxxer.hikari.HikariDataSource       : HikariPool-1 - Shutdown initiated...
2021-11-07 17:52:18.558  INFO 12240 --- [Thread-2] com.zaxxer.hikari.HikariDataSource       : HikariPool-1 - Shutdown completed.
2021-11-07 18:28:11.909  WARN 2004 --- [HikariPool-1 housekeeper] com.zaxxer.hikari.pool.HikariPool        : HikariPool-1 - Thread starvation or clock leap detected (housekeeper delta=23m58s410ms538µs600ns).
